hahaha
events.js:141
      throw er; // Unhandled 'error' event
      ^

Error: listen EADDRINUSE :::80
    at Object.exports._errnoException (util.js:870:11)
    at exports._exceptionWithHostPort (util.js:893:20)
    at Server._listen2 (net.js:1237:14)
    at listen (net.js:1273:10)
    at Server.listen (net.js:1369:5)
    at EventEmitter.listen (/node_server/node_modules/express/lib/application.js:618:24)
    at Object.<anonymous> (/node_server/app.js:10:5)
    at Module._compile (module.js:410:26)
    at Object.Module._extensions..js (module.js:417:10)
    at Module.load (module.js:344:32)
hahaha
Error: ENOENT: no such file or directory, stat '/node_server/views/index.html'
    at Error (native)
Error: ENOENT: no such file or directory, stat '/node_server/views/index.html'
    at Error (native)
Error: ENOENT: no such file or directory, stat '/node_server/views/index.html'
    at Error (native)
Error: ENOENT: no such file or directory, stat '/node_server/views/index.html'
    at Error (native)
Error: ENOENT: no such file or directory, stat '/node_server/views/index.html'
    at Error (native)
Error: ENOENT: no such file or directory, stat '/node_server/views/index.html'
    at Error (native)
Error: ENOENT: no such file or directory, stat '/node_server/views/index.html'
    at Error (native)
hahaha
